<!DOCTYPE html PUBLIC "-//W3C//DTD XHTML 1.1//EN" "http://www.w3.org/TR/xhtml11/DTD/xhtml11.dtd">
<html xmlns="http://www.w3.org/1999/xhtml"><head><title>TestNG Report</title><style type="text/css">table {margin-bottom:10px;border-collapse:collapse;empty-cells:show}th,td {border:1px solid #009;padding:.25em .5em}th {vertical-align:bottom}td {vertical-align:top}table a {font-weight:bold}.stripe td {background-color: #E6EBF9}.num {text-align:right}.passedodd td {background-color: #3F3}.passedeven td {background-color: #0A0}.skippedodd td {background-color: #DDD}.skippedeven td {background-color: #CCC}.failedodd td,.attn {background-color: #F33}.failedeven td,.stripe .attn {background-color: #D00}.stacktrace {white-space:pre;font-family:monospace}.totop {font-size:85%;text-align:center;border-bottom:2px solid #000}</style></head><body><table><tr><th>Test</th><th># Passed</th><th># Skipped</th><th># Failed</th><th>Time (ms)</th><th>Included Groups</th><th>Excluded Groups</th></tr><tr><th colspan="7">Group Test</th></tr><tr><td><a href="#t0">TestNG Group</a></td><td class="num">37</td><td class="num">0</td><td class="num attn">25</td><td class="num">1,326</td><td>double</td><td></td></tr></table><table><thead><tr><th>Class</th><th>Method</th><th>Start</th><th>Time (ms)</th></tr></thead><tbody><tr><th colspan="4">Group Test</th></tr></tbody><tbody id="t0"><tr><th colspan="4">TestNG Group &#8212; failed</th></tr><tr class="failedeven"><td rowspan="25">tests.TestCalculator</td><td><a href="#m0">testDoubleCTanNegTest</a></td><td rowspan="1">1478086361820</td><td rowspan="1">1023</td></tr><tr class="failedeven"><td><a href="#m1">testDoubleCTanPosTest</a></td><td rowspan="5">1478086361816</td><td rowspan="5">1</td></tr><tr class="failedeven"><td><a href="#m2">testDoubleCTanPosTest</a></td></tr><tr class="failedeven"><td><a href="#m3">testDoubleCTanPosTest</a></td></tr><tr class="failedeven"><td><a href="#m4">testDoubleCTanPosTest</a></td></tr><tr class="failedeven"><td><a href="#m5">testDoubleCTanPosTest</a></td></tr><tr class="failedeven"><td><a href="#m6">testDoubleCosPosTest</a></td><td rowspan="6">1478086361821</td><td rowspan="6">2</td></tr><tr class="failedeven"><td><a href="#m7">testDoubleCosPosTest</a></td></tr><tr class="failedeven"><td><a href="#m8">testDoubleCosPosTest</a></td></tr><tr class="failedeven"><td><a href="#m9">testDoubleCosPosTest</a></td></tr><tr class="failedeven"><td><a href="#m10">testDoubleCosPosTest</a></td></tr><tr class="failedeven"><td><a href="#m11">testDoubleCosPosTest</a></td></tr><tr class="failedeven"><td><a href="#m12">testDoubleDivNegTest</a></td><td rowspan="1">1478086361564</td><td rowspan="1">185</td></tr><tr class="failedeven"><td><a href="#m13">testDoubleSqrtNegTest</a></td><td rowspan="2">1478086361816</td><td rowspan="2">1011</td></tr><tr class="failedeven"><td><a href="#m14">testDoubleSqrtNegTest</a></td></tr><tr class="failedeven"><td><a href="#m15">testDoubleTanNegTest</a></td><td rowspan="1">1478086361821</td><td rowspan="1">1006</td></tr><tr class="failedeven"><td><a href="#m16">testDoubleTanPosTest</a></td><td rowspan="9">1478086361819</td><td rowspan="9">1</td></tr><tr class="failedeven"><td><a href="#m17">testDoubleTanPosTest</a></td></tr><tr class="failedeven"><td><a href="#m18">testDoubleTanPosTest</a></td></tr><tr class="failedeven"><td><a href="#m19">testDoubleTanPosTest</a></td></tr><tr class="failedeven"><td><a href="#m20">testDoubleTanPosTest</a></td></tr><tr class="failedeven"><td><a href="#m21">testDoubleTanPosTest</a></td></tr><tr class="failedeven"><td><a href="#m22">testDoubleTanPosTest</a></td></tr><tr class="failedeven"><td><a href="#m23">testDoubleTanPosTest</a></td></tr><tr class="failedeven"><td><a href="#m24">testDoubleTanPosTest</a></td></tr><tr><th colspan="4">TestNG Group &#8212; passed</th></tr><tr class="passedeven"><td rowspan="37">tests.TestCalculator</td><td><a href="#m25">testDoubleDivPosTest</a></td><td rowspan="5">1478086361818</td><td rowspan="5">1041</td></tr><tr class="passedeven"><td><a href="#m26">testDoubleDivPosTest</a></td></tr><tr class="passedeven"><td><a href="#m27">testDoubleDivPosTest</a></td></tr><tr class="passedeven"><td><a href="#m28">testDoubleDivPosTest</a></td></tr><tr class="passedeven"><td><a href="#m29">testDoubleDivPosTest</a></td></tr><tr class="passedeven"><td><a href="#m30">testDoubleMultPosTest</a></td><td rowspan="6">1478086361824</td><td rowspan="6">1003</td></tr><tr class="passedeven"><td><a href="#m31">testDoubleMultPosTest</a></td></tr><tr class="passedeven"><td><a href="#m32">testDoubleMultPosTest</a></td></tr><tr class="passedeven"><td><a href="#m33">testDoubleMultPosTest</a></td></tr><tr class="passedeven"><td><a href="#m34">testDoubleMultPosTest</a></td></tr><tr class="passedeven"><td><a href="#m35">testDoubleMultPosTest</a></td></tr><tr class="passedeven"><td><a href="#m36">testDoublePowPosTest</a></td><td rowspan="2">1478086361816</td><td rowspan="2">1011</td></tr><tr class="passedeven"><td><a href="#m37">testDoublePowPosTest</a></td></tr><tr class="passedeven"><td><a href="#m38">testDoubleSinPosTest</a></td><td rowspan="6">1478086361799</td><td rowspan="6">1013</td></tr><tr class="passedeven"><td><a href="#m39">testDoubleSinPosTest</a></td></tr><tr class="passedeven"><td><a href="#m40">testDoubleSinPosTest</a></td></tr><tr class="passedeven"><td><a href="#m41">testDoubleSinPosTest</a></td></tr><tr class="passedeven"><td><a href="#m42">testDoubleSinPosTest</a></td></tr><tr class="passedeven"><td><a href="#m43">testDoubleSinPosTest</a></td></tr><tr class="passedeven"><td><a href="#m44">testDoubleSqrtPosTest</a></td><td rowspan="2">1478086361823</td><td rowspan="2">1004</td></tr><tr class="passedeven"><td><a href="#m45">testDoubleSqrtPosTest</a></td></tr><tr class="passedeven"><td><a href="#m46">testDoubleSubPosTest</a></td><td rowspan="7">1478086361815</td><td rowspan="7">1012</td></tr><tr class="passedeven"><td><a href="#m47">testDoubleSubPosTest</a></td></tr><tr class="passedeven"><td><a href="#m48">testDoubleSubPosTest</a></td></tr><tr class="passedeven"><td><a href="#m49">testDoubleSubPosTest</a></td></tr><tr class="passedeven"><td><a href="#m50">testDoubleSubPosTest</a></td></tr><tr class="passedeven"><td><a href="#m51">testDoubleSubPosTest</a></td></tr><tr class="passedeven"><td><a href="#m52">testDoubleSubPosTest</a></td></tr><tr class="passedeven"><td><a href="#m53">testDoubleSumPosTest</a></td><td rowspan="9">1478086361803</td><td rowspan="9">1002</td></tr><tr class="passedeven"><td><a href="#m54">testDoubleSumPosTest</a></td></tr><tr class="passedeven"><td><a href="#m55">testDoubleSumPosTest</a></td></tr><tr class="passedeven"><td><a href="#m56">testDoubleSumPosTest</a></td></tr><tr class="passedeven"><td><a href="#m57">testDoubleSumPosTest</a></td></tr><tr class="passedeven"><td><a href="#m58">testDoubleSumPosTest</a></td></tr><tr class="passedeven"><td><a href="#m59">testDoubleSumPosTest</a></td></tr><tr class="passedeven"><td><a href="#m60">testDoubleSumPosTest</a></td></tr><tr class="passedeven"><td><a href="#m61">testDoubleSumPosTest</a></td></tr></tbody></table><h2>TestNG Group</h2><h3 id="m0">tests.TestCalculator#testDoubleCTanNegTest</h3><table class="result"><tr class="param"><th>Parameter #1</th></tr><tr class="param stripe"><td>0.0</td></tr><tr><th>Messages</th></tr><tr><td><div class="messages">&lt;/br&gt;Completed executing method: TestCalculator.testDoubleCTanNegTest Elapsed time: -1023</div></td></tr><tr><th>Exception</th></tr><tr><td><div class="stacktrace">org.testng.TestException: 
Method TestCalculator.testDoubleCTanNegTest(double)[pri:0, instance:tests.TestCalculator@1bc6a36e] should have thrown an exception of class java.lang.IllegalArgumentException
	at java.util.concurrent.FutureTask.run(FutureTask.java:266)
	at java.util.concurrent.Executors$RunnableAdapter.call(Executors.java:511)
	at java.util.concurrent.FutureTask.run(FutureTask.java:266)
	at java.util.concurrent.ThreadPoolExecutor.runWorker(ThreadPoolExecutor.java:1142)
	at java.util.concurrent.ThreadPoolExecutor$Worker.run(ThreadPoolExecutor.java:617)
	at java.lang.Thread.run(Thread.java:745)
Method TestCalculator.testDoubleCTanNegTest(double)[pri:0, instance:tests.TestCalculator@1bc6a36e] should have thrown an exception of class java.lang.IllegalArgumentException
	... 7 more
... Removed 9 stack frames</div></td></tr></table><p class="totop"><a href="#summary">back to summary</a></p><h3 id="m1">tests.TestCalculator#testDoubleCTanPosTest</h3><table class="result"><tr class="param"><th>Parameter #1</th><th>Parameter #2</th></tr><tr class="param stripe"><td>57.0</td><td>2.063135125298919</td></tr><tr><th colspan="2">Messages</th></tr><tr><td colspan="2"><div class="messages">&lt;/br&gt;Completed executing method: TestCalculator.testDoubleCTanPosTest Elapsed time: -1</div></td></tr><tr><th colspan="2">Exception</th></tr><tr><td colspan="2"><div class="stacktrace">java.lang.AssertionError: expected [2.063135125298919] but found [1.0]
	at tests.TestCalculator.testDoubleCTanPosTest(TestCalculator.java:99)
	at java.util.concurrent.FutureTask.run(FutureTask.java:266)
	at java.util.concurrent.Executors$RunnableAdapter.call(Executors.java:511)
	at java.util.concurrent.FutureTask.run(FutureTask.java:266)
	at java.util.concurrent.ThreadPoolExecutor.runWorker(ThreadPoolExecutor.java:1142)
	at java.util.concurrent.ThreadPoolExecutor$Worker.run(ThreadPoolExecutor.java:617)
	at java.lang.Thread.run(Thread.java:745)
... Removed 13 stack frames</div></td></tr></table><p class="totop"><a href="#summary">back to summary</a></p><h3 id="m2">tests.TestCalculator#testDoubleCTanPosTest</h3><table class="result"><tr class="param"><th>Parameter #1</th><th>Parameter #2</th></tr><tr class="param stripe"><td>4.0</td><td>0.8636911544506167</td></tr><tr><th colspan="2">Messages</th></tr><tr><td colspan="2"><div class="messages">&lt;/br&gt;Completed executing method: TestCalculator.testDoubleCTanPosTest Elapsed time: -2</div></td></tr><tr><th colspan="2">Exception</th></tr><tr><td colspan="2"><div class="stacktrace">java.lang.AssertionError: expected [0.8636911544506167] but found [0.999329299739067]
	at tests.TestCalculator.testDoubleCTanPosTest(TestCalculator.java:99)
	at java.util.concurrent.FutureTask.run(FutureTask.java:266)
	at java.util.concurrent.Executors$RunnableAdapter.call(Executors.java:511)
	at java.util.concurrent.FutureTask.run(FutureTask.java:266)
	at java.util.concurrent.ThreadPoolExecutor.runWorker(ThreadPoolExecutor.java:1142)
	at java.util.concurrent.ThreadPoolExecutor$Worker.run(ThreadPoolExecutor.java:617)
	at java.lang.Thread.run(Thread.java:745)
... Removed 13 stack frames</div></td></tr></table><p class="totop"><a href="#summary">back to summary</a></p><h3 id="m3">tests.TestCalculator#testDoubleCTanPosTest</h3><table class="result"><tr class="param"><th>Parameter #1</th><th>Parameter #2</th></tr><tr class="param stripe"><td>50.0</td><td>-3.6778144508505695</td></tr><tr><th colspan="2">Messages</th></tr><tr><td colspan="2"><div class="messages">&lt;/br&gt;Completed executing method: TestCalculator.testDoubleCTanPosTest Elapsed time: -34</div></td></tr><tr><th colspan="2">Exception</th></tr><tr><td colspan="2"><div class="stacktrace">java.lang.AssertionError: expected [-3.6778144508505695] but found [1.0]
	at tests.TestCalculator.testDoubleCTanPosTest(TestCalculator.java:99)
	at java.util.concurrent.FutureTask.run(FutureTask.java:266)
	at java.util.concurrent.Executors$RunnableAdapter.call(Executors.java:511)
	at java.util.concurrent.FutureTask.run(FutureTask.java:266)
	at java.util.concurrent.ThreadPoolExecutor.runWorker(ThreadPoolExecutor.java:1142)
	at java.util.concurrent.ThreadPoolExecutor$Worker.run(ThreadPoolExecutor.java:617)
	at java.lang.Thread.run(Thread.java:745)
... Removed 13 stack frames</div></td></tr></table><p class="totop"><a href="#summary">back to summary</a></p><h3 id="m4">tests.TestCalculator#testDoubleCTanPosTest</h3><table class="result"><tr class="param"><th>Parameter #1</th><th>Parameter #2</th></tr><tr class="param stripe"><td>34.0</td><td>-1.6038519064146899</td></tr><tr><th colspan="2">Messages</th></tr><tr><td colspan="2"><div class="messages">&lt;/br&gt;Completed executing method: TestCalculator.testDoubleCTanPosTest Elapsed time: -1</div></td></tr><tr><th colspan="2">Exception</th></tr><tr><td colspan="2"><div class="stacktrace">java.lang.AssertionError: expected [-1.6038519064146899] but found [1.0]
	at tests.TestCalculator.testDoubleCTanPosTest(TestCalculator.java:99)
	at java.util.concurrent.FutureTask.run(FutureTask.java:266)
	at java.util.concurrent.Executors$RunnableAdapter.call(Executors.java:511)
	at java.util.concurrent.FutureTask.run(FutureTask.java:266)
	at java.util.concurrent.ThreadPoolExecutor.runWorker(ThreadPoolExecutor.java:1142)
	at java.util.concurrent.ThreadPoolExecutor$Worker.run(ThreadPoolExecutor.java:617)
	at java.lang.Thread.run(Thread.java:745)
... Removed 13 stack frames</div></td></tr></table><p class="totop"><a href="#summary">back to summary</a></p><h3 id="m5">tests.TestCalculator#testDoubleCTanPosTest</h3><table class="result"><tr class="param"><th>Parameter #1</th><th>Parameter #2</th></tr><tr class="param stripe"><td>95.0</td><td>1.0686586782881817</td></tr><tr><th colspan="2">Messages</th></tr><tr><td colspan="2"><div class="messages">&lt;/br&gt;Completed executing method: TestCalculator.testDoubleCTanPosTest Elapsed time: -2</div></td></tr><tr><th colspan="2">Exception</th></tr><tr><td colspan="2"><div class="stacktrace">java.lang.AssertionError: expected [1.0686586782881817] but found [1.0]
	at tests.TestCalculator.testDoubleCTanPosTest(TestCalculator.java:99)
	at java.util.concurrent.FutureTask.run(FutureTask.java:266)
	at java.util.concurrent.Executors$RunnableAdapter.call(Executors.java:511)
	at java.util.concurrent.FutureTask.run(FutureTask.java:266)
	at java.util.concurrent.ThreadPoolExecutor.runWorker(ThreadPoolExecutor.java:1142)
	at java.util.concurrent.ThreadPoolExecutor$Worker.run(ThreadPoolExecutor.java:617)
	at java.lang.Thread.run(Thread.java:745)
... Removed 13 stack frames</div></td></tr></table><p class="totop"><a href="#summary">back to summary</a></p><h3 id="m6">tests.TestCalculator#testDoubleCosPosTest</h3><table class="result"><tr class="param"><th>Parameter #1</th><th>Parameter #2</th></tr><tr class="param stripe"><td>3.0</td><td>-0.9899924966004454</td></tr><tr><th colspan="2">Messages</th></tr><tr><td colspan="2"><div class="messages">&lt;/br&gt;Completed executing method: TestCalculator.testDoubleCosPosTest Elapsed time: -2</div></td></tr><tr><th colspan="2">Exception</th></tr><tr><td colspan="2"><div class="stacktrace">java.lang.AssertionError: expected [-0.9899924966004454] but found [0.1411200080598672]
	at tests.TestCalculator.testDoubleCosPosTest(TestCalculator.java:110)
	at java.util.concurrent.FutureTask.run(FutureTask.java:266)
	at java.util.concurrent.Executors$RunnableAdapter.call(Executors.java:511)
	at java.util.concurrent.FutureTask.run(FutureTask.java:266)
	at java.util.concurrent.ThreadPoolExecutor.runWorker(ThreadPoolExecutor.java:1142)
	at java.util.concurrent.ThreadPoolExecutor$Worker.run(ThreadPoolExecutor.java:617)
	at java.lang.Thread.run(Thread.java:745)
... Removed 13 stack frames</div></td></tr></table><p class="totop"><a href="#summary">back to summary</a></p><h3 id="m7">tests.TestCalculator#testDoubleCosPosTest</h3><table class="result"><tr class="param"><th>Parameter #1</th><th>Parameter #2</th></tr><tr class="param stripe"><td>180.0</td><td>-0.5984600690578581</td></tr><tr><th colspan="2">Messages</th></tr><tr><td colspan="2"><div class="messages">&lt;/br&gt;Completed executing method: TestCalculator.testDoubleCosPosTest Elapsed time: -12</div></td></tr><tr><th colspan="2">Exception</th></tr><tr><td colspan="2"><div class="stacktrace">java.lang.AssertionError: expected [-0.5984600690578581] but found [-0.8011526357338304]
	at tests.TestCalculator.testDoubleCosPosTest(TestCalculator.java:110)
	at java.util.concurrent.FutureTask.run(FutureTask.java:266)
	at java.util.concurrent.Executors$RunnableAdapter.call(Executors.java:511)
	at java.util.concurrent.FutureTask.run(FutureTask.java:266)
	at java.util.concurrent.ThreadPoolExecutor.runWorker(ThreadPoolExecutor.java:1142)
	at java.util.concurrent.ThreadPoolExecutor$Worker.run(ThreadPoolExecutor.java:617)
	at java.lang.Thread.run(Thread.java:745)
... Removed 13 stack frames</div></td></tr></table><p class="totop"><a href="#summary">back to summary</a></p><h3 id="m8">tests.TestCalculator#testDoubleCosPosTest</h3><table class="result"><tr class="param"><th>Parameter #1</th><th>Parameter #2</th></tr><tr class="param stripe"><td>0.0</td><td>1.0</td></tr><tr><th colspan="2">Messages</th></tr><tr><td colspan="2"><div class="messages">&lt;/br&gt;Completed executing method: TestCalculator.testDoubleCosPosTest Elapsed time: -13</div></td></tr><tr><th colspan="2">Exception</th></tr><tr><td colspan="2"><div class="stacktrace">java.lang.AssertionError: expected [1.0] but found [0.0]
	at tests.TestCalculator.testDoubleCosPosTest(TestCalculator.java:110)
	at java.util.concurrent.FutureTask.run(FutureTask.java:266)
	at java.util.concurrent.Executors$RunnableAdapter.call(Executors.java:511)
	at java.util.concurrent.FutureTask.run(FutureTask.java:266)
	at java.util.concurrent.ThreadPoolExecutor.runWorker(ThreadPoolExecutor.java:1142)
	at java.util.concurrent.ThreadPoolExecutor$Worker.run(ThreadPoolExecutor.java:617)
	at java.lang.Thread.run(Thread.java:745)
... Removed 13 stack frames</div></td></tr></table><p class="totop"><a href="#summary">back to summary</a></p><h3 id="m9">tests.TestCalculator#testDoubleCosPosTest</h3><table class="result"><tr class="param"><th>Parameter #1</th><th>Parameter #2</th></tr><tr class="param stripe"><td>30.0</td><td>0.15425144988758405</td></tr><tr><th colspan="2">Messages</th></tr><tr><td colspan="2"><div class="messages">&lt;/br&gt;Completed executing method: TestCalculator.testDoubleCosPosTest Elapsed time: -10</div></td></tr><tr><th colspan="2">Exception</th></tr><tr><td colspan="2"><div class="stacktrace">java.lang.AssertionError: expected [0.15425144988758405] but found [-0.9880316240928618]
	at tests.TestCalculator.testDoubleCosPosTest(TestCalculator.java:110)
	at java.util.concurrent.FutureTask.run(FutureTask.java:266)
	at java.util.concurrent.Executors$RunnableAdapter.call(Executors.java:511)
	at java.util.concurrent.FutureTask.run(FutureTask.java:266)
	at java.util.concurrent.ThreadPoolExecutor.runWorker(ThreadPoolExecutor.java:1142)
	at java.util.concurrent.ThreadPoolExecutor$Worker.run(ThreadPoolExecutor.java:617)
	at java.lang.Thread.run(Thread.java:745)
... Removed 13 stack frames</div></td></tr></table><p class="totop"><a href="#summary">back to summary</a></p><h3 id="m10">tests.TestCalculator#testDoubleCosPosTest</h3><table class="result"><tr class="param"><th>Parameter #1</th><th>Parameter #2</th></tr><tr class="param stripe"><td>12.0</td><td>0.8438539587324921</td></tr><tr><th colspan="2">Messages</th></tr><tr><td colspan="2"><div class="messages">&lt;/br&gt;Completed executing method: TestCalculator.testDoubleCosPosTest Elapsed time: -9</div></td></tr><tr><th colspan="2">Exception</th></tr><tr><td colspan="2"><div class="stacktrace">java.lang.AssertionError: expected [0.8438539587324921] but found [-0.5365729180004349]
	at tests.TestCalculator.testDoubleCosPosTest(TestCalculator.java:110)
	at java.util.concurrent.FutureTask.run(FutureTask.java:266)
	at java.util.concurrent.Executors$RunnableAdapter.call(Executors.java:511)
	at java.util.concurrent.FutureTask.run(FutureTask.java:266)
	at java.util.concurrent.ThreadPoolExecutor.runWorker(ThreadPoolExecutor.java:1142)
	at java.util.concurrent.ThreadPoolExecutor$Worker.run(ThreadPoolExecutor.java:617)
	at java.lang.Thread.run(Thread.java:745)
... Removed 13 stack frames</div></td></tr></table><p class="totop"><a href="#summary">back to summary</a></p><h3 id="m11">tests.TestCalculator#testDoubleCosPosTest</h3><table class="result"><tr class="param"><th>Parameter #1</th><th>Parameter #2</th></tr><tr class="param stripe"><td>60.0</td><td>-0.9524129804151563</td></tr><tr><th colspan="2">Messages</th></tr><tr><td colspan="2"><div class="messages">&lt;/br&gt;Completed executing method: TestCalculator.testDoubleCosPosTest Elapsed time: -5</div></td></tr><tr><th colspan="2">Exception</th></tr><tr><td colspan="2"><div class="stacktrace">java.lang.AssertionError: expected [-0.9524129804151563] but found [-0.3048106211022167]
	at tests.TestCalculator.testDoubleCosPosTest(TestCalculator.java:110)
	at java.util.concurrent.FutureTask.run(FutureTask.java:266)
	at java.util.concurrent.Executors$RunnableAdapter.call(Executors.java:511)
	at java.util.concurrent.FutureTask.run(FutureTask.java:266)
	at java.util.concurrent.ThreadPoolExecutor.runWorker(ThreadPoolExecutor.java:1142)
	at java.util.concurrent.ThreadPoolExecutor$Worker.run(ThreadPoolExecutor.java:617)
	at java.lang.Thread.run(Thread.java:745)
... Removed 13 stack frames</div></td></tr></table><p class="totop"><a href="#summary">back to summary</a></p><h3 id="m12">tests.TestCalculator#testDoubleDivNegTest</h3><table class="result"><tr><th>Exception</th></tr><tr><td><div class="stacktrace">org.testng.TestNGException: 
The data provider is trying to pass 3 parameters but the method tests.TestCalculator#testDoubleDivNegTest takes 2
	at java.util.concurrent.ThreadPoolExecutor.runWorker(ThreadPoolExecutor.java:1142)
	at java.util.concurrent.ThreadPoolExecutor$Worker.run(ThreadPoolExecutor.java:617)
	at java.lang.Thread.run(Thread.java:745)
... Removed 4 stack frames</div></td></tr></table><p class="totop"><a href="#summary">back to summary</a></p><h3 id="m13">tests.TestCalculator#testDoubleSqrtNegTest</h3><table class="result"><tr class="param"><th>Parameter #1</th></tr><tr class="param stripe"><td>-6.0</td></tr><tr><th>Messages</th></tr><tr><td><div class="messages">&lt;/br&gt;Completed executing method: TestCalculator.testDoubleSqrtNegTest Elapsed time: -1011</div></td></tr><tr><th>Exception</th></tr><tr><td><div class="stacktrace">org.testng.TestException: 
Method TestCalculator.testDoubleSqrtNegTest(double)[pri:0, instance:tests.TestCalculator@1bc6a36e] should have thrown an exception of class java.lang.IllegalArgumentException
	at java.util.concurrent.FutureTask.run(FutureTask.java:266)
	at java.util.concurrent.Executors$RunnableAdapter.call(Executors.java:511)
	at java.util.concurrent.FutureTask.run(FutureTask.java:266)
	at java.util.concurrent.ThreadPoolExecutor.runWorker(ThreadPoolExecutor.java:1142)
	at java.util.concurrent.ThreadPoolExecutor$Worker.run(ThreadPoolExecutor.java:617)
	at java.lang.Thread.run(Thread.java:745)
Method TestCalculator.testDoubleSqrtNegTest(double)[pri:0, instance:tests.TestCalculator@1bc6a36e] should have thrown an exception of class java.lang.IllegalArgumentException
	... 7 more
... Removed 9 stack frames</div></td></tr></table><p class="totop"><a href="#summary">back to summary</a></p><h3 id="m14">tests.TestCalculator#testDoubleSqrtNegTest</h3><table class="result"><tr class="param"><th>Parameter #1</th></tr><tr class="param stripe"><td>-3.0</td></tr><tr><th>Messages</th></tr><tr><td><div class="messages">&lt;/br&gt;Completed executing method: TestCalculator.testDoubleSqrtNegTest Elapsed time: -1011</div></td></tr><tr><th>Exception</th></tr><tr><td><div class="stacktrace">org.testng.TestException: 
Method TestCalculator.testDoubleSqrtNegTest(double)[pri:0, instance:tests.TestCalculator@1bc6a36e] should have thrown an exception of class java.lang.IllegalArgumentException
	at java.util.concurrent.FutureTask.run(FutureTask.java:266)
	at java.util.concurrent.Executors$RunnableAdapter.call(Executors.java:511)
	at java.util.concurrent.FutureTask.run(FutureTask.java:266)
	at java.util.concurrent.ThreadPoolExecutor.runWorker(ThreadPoolExecutor.java:1142)
	at java.util.concurrent.ThreadPoolExecutor$Worker.run(ThreadPoolExecutor.java:617)
	at java.lang.Thread.run(Thread.java:745)
Method TestCalculator.testDoubleSqrtNegTest(double)[pri:0, instance:tests.TestCalculator@1bc6a36e] should have thrown an exception of class java.lang.IllegalArgumentException
	... 7 more
... Removed 9 stack frames</div></td></tr></table><p class="totop"><a href="#summary">back to summary</a></p><h3 id="m15">tests.TestCalculator#testDoubleTanNegTest</h3><table class="result"><tr class="param"><th>Parameter #1</th></tr><tr class="param stripe"><td>90.0</td></tr><tr><th>Messages</th></tr><tr><td><div class="messages">&lt;/br&gt;Completed executing method: TestCalculator.testDoubleTanNegTest Elapsed time: -1006</div></td></tr><tr><th>Exception</th></tr><tr><td><div class="stacktrace">org.testng.TestException: 
Method TestCalculator.testDoubleTanNegTest(double)[pri:0, instance:tests.TestCalculator@1bc6a36e] should have thrown an exception of class java.lang.IllegalArgumentException
	at java.util.concurrent.FutureTask.run(FutureTask.java:266)
	at java.util.concurrent.Executors$RunnableAdapter.call(Executors.java:511)
	at java.util.concurrent.FutureTask.run(FutureTask.java:266)
	at java.util.concurrent.ThreadPoolExecutor.runWorker(ThreadPoolExecutor.java:1142)
	at java.util.concurrent.ThreadPoolExecutor$Worker.run(ThreadPoolExecutor.java:617)
	at java.lang.Thread.run(Thread.java:745)
Method TestCalculator.testDoubleTanNegTest(double)[pri:0, instance:tests.TestCalculator@1bc6a36e] should have thrown an exception of class java.lang.IllegalArgumentException
	... 7 more
... Removed 9 stack frames</div></td></tr></table><p class="totop"><a href="#summary">back to summary</a></p><h3 id="m16">tests.TestCalculator#testDoubleTanPosTest</h3><table class="result"><tr class="param"><th>Parameter #1</th><th>Parameter #2</th></tr><tr class="param stripe"><td>2.0</td><td>-2.185039863261519</td></tr><tr><th colspan="2">Messages</th></tr><tr><td colspan="2"><div class="messages">&lt;/br&gt;Completed executing method: TestCalculator.testDoubleTanPosTest Elapsed time: -1</div></td></tr><tr><th colspan="2">Exception</th></tr><tr><td colspan="2"><div class="stacktrace">java.lang.AssertionError: expected [-2.185039863261519] but found [1.0]
	at tests.TestCalculator.testDoubleTanPosTest(TestCalculator.java:88)
	at java.util.concurrent.FutureTask.run(FutureTask.java:266)
	at java.util.concurrent.Executors$RunnableAdapter.call(Executors.java:511)
	at java.util.concurrent.FutureTask.run(FutureTask.java:266)
	at java.util.concurrent.ThreadPoolExecutor.runWorker(ThreadPoolExecutor.java:1142)
	at java.util.concurrent.ThreadPoolExecutor$Worker.run(ThreadPoolExecutor.java:617)
	at java.lang.Thread.run(Thread.java:745)
... Removed 13 stack frames</div></td></tr></table><p class="totop"><a href="#summary">back to summary</a></p><h3 id="m17">tests.TestCalculator#testDoubleTanPosTest</h3><table class="result"><tr class="param"><th>Parameter #1</th><th>Parameter #2</th></tr><tr class="param stripe"><td>60.0</td><td>0.3200403893795629</td></tr><tr><th colspan="2">Messages</th></tr><tr><td colspan="2"><div class="messages">&lt;/br&gt;Completed executing method: TestCalculator.testDoubleTanPosTest Elapsed time: 0</div></td></tr><tr><th colspan="2">Exception</th></tr><tr><td colspan="2"><div class="stacktrace">java.lang.AssertionError: expected [0.3200403893795629] but found [1.0]
	at tests.TestCalculator.testDoubleTanPosTest(TestCalculator.java:88)
	at java.util.concurrent.FutureTask.run(FutureTask.java:266)
	at java.util.concurrent.Executors$RunnableAdapter.call(Executors.java:511)
	at java.util.concurrent.FutureTask.run(FutureTask.java:266)
	at java.util.concurrent.ThreadPoolExecutor.runWorker(ThreadPoolExecutor.java:1142)
	at java.util.concurrent.ThreadPoolExecutor$Worker.run(ThreadPoolExecutor.java:617)
	at java.lang.Thread.run(Thread.java:745)
... Removed 13 stack frames</div></td></tr></table><p class="totop"><a href="#summary">back to summary</a></p><h3 id="m18">tests.TestCalculator#testDoubleTanPosTest</h3><table class="result"><tr class="param"><th>Parameter #1</th><th>Parameter #2</th></tr><tr class="param stripe"><td>180.0</td><td>1.3386902103511544</td></tr><tr><th colspan="2">Messages</th></tr><tr><td colspan="2"><div class="messages">&lt;/br&gt;Completed executing method: TestCalculator.testDoubleTanPosTest Elapsed time: -22</div></td></tr><tr><th colspan="2">Exception</th></tr><tr><td colspan="2"><div class="stacktrace">java.lang.AssertionError: expected [1.3386902103511544] but found [1.0]
	at tests.TestCalculator.testDoubleTanPosTest(TestCalculator.java:88)
	at java.util.concurrent.FutureTask.run(FutureTask.java:266)
	at java.util.concurrent.Executors$RunnableAdapter.call(Executors.java:511)
	at java.util.concurrent.FutureTask.run(FutureTask.java:266)
	at java.util.concurrent.ThreadPoolExecutor.runWorker(ThreadPoolExecutor.java:1142)
	at java.util.concurrent.ThreadPoolExecutor$Worker.run(ThreadPoolExecutor.java:617)
	at java.lang.Thread.run(Thread.java:745)
... Removed 13 stack frames</div></td></tr></table><p class="totop"><a href="#summary">back to summary</a></p><h3 id="m19">tests.TestCalculator#testDoubleTanPosTest</h3><table class="result"><tr class="param"><th>Parameter #1</th><th>Parameter #2</th></tr><tr class="param stripe"><td>7.0</td><td>0.8714479827243188</td></tr><tr><th colspan="2">Messages</th></tr><tr><td colspan="2"><div class="messages">&lt;/br&gt;Completed executing method: TestCalculator.testDoubleTanPosTest Elapsed time: -20</div></td></tr><tr><th colspan="2">Exception</th></tr><tr><td colspan="2"><div class="stacktrace">java.lang.AssertionError: expected [0.8714479827243188] but found [1.0]
	at tests.TestCalculator.testDoubleTanPosTest(TestCalculator.java:88)
	at java.util.concurrent.FutureTask.run(FutureTask.java:266)
	at java.util.concurrent.Executors$RunnableAdapter.call(Executors.java:511)
	at java.util.concurrent.FutureTask.run(FutureTask.java:266)
	at java.util.concurrent.ThreadPoolExecutor.runWorker(ThreadPoolExecutor.java:1142)
	at java.util.concurrent.ThreadPoolExecutor$Worker.run(ThreadPoolExecutor.java:617)
	at java.lang.Thread.run(Thread.java:745)
... Removed 13 stack frames</div></td></tr></table><p class="totop"><a href="#summary">back to summary</a></p><h3 id="m20">tests.TestCalculator#testDoubleTanPosTest</h3><table class="result"><tr class="param"><th>Parameter #1</th><th>Parameter #2</th></tr><tr class="param stripe"><td>30.0</td><td>-6.4053311966462765</td></tr><tr><th colspan="2">Messages</th></tr><tr><td colspan="2"><div class="messages">&lt;/br&gt;Completed executing method: TestCalculator.testDoubleTanPosTest Elapsed time: -16</div></td></tr><tr><th colspan="2">Exception</th></tr><tr><td colspan="2"><div class="stacktrace">java.lang.AssertionError: expected [-6.4053311966462765] but found [1.0]
	at tests.TestCalculator.testDoubleTanPosTest(TestCalculator.java:88)
	at java.util.concurrent.FutureTask.run(FutureTask.java:266)
	at java.util.concurrent.Executors$RunnableAdapter.call(Executors.java:511)
	at java.util.concurrent.FutureTask.run(FutureTask.java:266)
	at java.util.concurrent.ThreadPoolExecutor.runWorker(ThreadPoolExecutor.java:1142)
	at java.util.concurrent.ThreadPoolExecutor$Worker.run(ThreadPoolExecutor.java:617)
	at java.lang.Thread.run(Thread.java:745)
... Removed 13 stack frames</div></td></tr></table><p class="totop"><a href="#summary">back to summary</a></p><h3 id="m21">tests.TestCalculator#testDoubleTanPosTest</h3><table class="result"><tr class="param"><th>Parameter #1</th><th>Parameter #2</th></tr><tr class="param stripe"><td>0.0</td><td>0.0</td></tr><tr><th colspan="2">Messages</th></tr><tr><td colspan="2"><div class="messages">&lt;/br&gt;Completed executing method: TestCalculator.testDoubleTanPosTest Elapsed time: -15</div></td></tr><tr><th colspan="2">Exception</th></tr><tr><td colspan="2"><div class="stacktrace">java.lang.AssertionError: expected [0.0] but found [NaN]
	at tests.TestCalculator.testDoubleTanPosTest(TestCalculator.java:88)
	at java.util.concurrent.FutureTask.run(FutureTask.java:266)
	at java.util.concurrent.Executors$RunnableAdapter.call(Executors.java:511)
	at java.util.concurrent.FutureTask.run(FutureTask.java:266)
	at java.util.concurrent.ThreadPoolExecutor.runWorker(ThreadPoolExecutor.java:1142)
	at java.util.concurrent.ThreadPoolExecutor$Worker.run(ThreadPoolExecutor.java:617)
	at java.lang.Thread.run(Thread.java:745)
... Removed 13 stack frames</div></td></tr></table><p class="totop"><a href="#summary">back to summary</a></p><h3 id="m22">tests.TestCalculator#testDoubleTanPosTest</h3><table class="result"><tr class="param"><th>Parameter #1</th><th>Parameter #2</th></tr><tr class="param stripe"><td>4.0</td><td>1.1578212823495775</td></tr><tr><th colspan="2">Messages</th></tr><tr><td colspan="2"><div class="messages">&lt;/br&gt;Completed executing method: TestCalculator.testDoubleTanPosTest Elapsed time: 0</div></td></tr><tr><th colspan="2">Exception</th></tr><tr><td colspan="2"><div class="stacktrace">java.lang.AssertionError: expected [1.1578212823495775] but found [1.0]
	at tests.TestCalculator.testDoubleTanPosTest(TestCalculator.java:88)
	at java.util.concurrent.FutureTask.run(FutureTask.java:266)
	at java.util.concurrent.Executors$RunnableAdapter.call(Executors.java:511)
	at java.util.concurrent.FutureTask.run(FutureTask.java:266)
	at java.util.concurrent.ThreadPoolExecutor.runWorker(ThreadPoolExecutor.java:1142)
	at java.util.concurrent.ThreadPoolExecutor$Worker.run(ThreadPoolExecutor.java:617)
	at java.lang.Thread.run(Thread.java:745)
... Removed 13 stack frames</div></td></tr></table><p class="totop"><a href="#summary">back to summary</a></p><h3 id="m23">tests.TestCalculator#testDoubleTanPosTest</h3><table class="result"><tr class="param"><th>Parameter #1</th><th>Parameter #2</th></tr><tr class="param stripe"><td>6.0</td><td>-0.29100619138474915</td></tr><tr><th colspan="2">Messages</th></tr><tr><td colspan="2"><div class="messages">&lt;/br&gt;Completed executing method: TestCalculator.testDoubleTanPosTest Elapsed time: -20</div></td></tr><tr><th colspan="2">Exception</th></tr><tr><td colspan="2"><div class="stacktrace">java.lang.AssertionError: expected [-0.29100619138474915] but found [1.0]
	at tests.TestCalculator.testDoubleTanPosTest(TestCalculator.java:88)
	at java.util.concurrent.FutureTask.run(FutureTask.java:266)
	at java.util.concurrent.Executors$RunnableAdapter.call(Executors.java:511)
	at java.util.concurrent.FutureTask.run(FutureTask.java:266)
	at java.util.concurrent.ThreadPoolExecutor.runWorker(ThreadPoolExecutor.java:1142)
	at java.util.concurrent.ThreadPoolExecutor$Worker.run(ThreadPoolExecutor.java:617)
	at java.lang.Thread.run(Thread.java:745)
... Removed 13 stack frames</div></td></tr></table><p class="totop"><a href="#summary">back to summary</a></p><h3 id="m24">tests.TestCalculator#testDoubleTanPosTest</h3><table class="result"><tr class="param"><th>Parameter #1</th><th>Parameter #2</th></tr><tr class="param stripe"><td>5.0</td><td>-3.380515006246586</td></tr><tr><th colspan="2">Messages</th></tr><tr><td colspan="2"><div class="messages">&lt;/br&gt;Completed executing method: TestCalculator.testDoubleTanPosTest Elapsed time: 0</div></td></tr><tr><th colspan="2">Exception</th></tr><tr><td colspan="2"><div class="stacktrace">java.lang.AssertionError: expected [-3.380515006246586] but found [1.0]
	at tests.TestCalculator.testDoubleTanPosTest(TestCalculator.java:88)
	at java.util.concurrent.FutureTask.run(FutureTask.java:266)
	at java.util.concurrent.Executors$RunnableAdapter.call(Executors.java:511)
	at java.util.concurrent.FutureTask.run(FutureTask.java:266)
	at java.util.concurrent.ThreadPoolExecutor.runWorker(ThreadPoolExecutor.java:1142)
	at java.util.concurrent.ThreadPoolExecutor$Worker.run(ThreadPoolExecutor.java:617)
	at java.lang.Thread.run(Thread.java:745)
... Removed 13 stack frames</div></td></tr></table><p class="totop"><a href="#summary">back to summary</a></p><h3 id="m25">tests.TestCalculator#testDoubleDivPosTest</h3><table class="result"><tr class="param"><th>Parameter #1</th><th>Parameter #2</th><th>Parameter #3</th></tr><tr class="param stripe"><td>-20.0</td><td>43.0</td><td>-0.46511627906976744</td></tr><tr><th colspan="3">Messages</th></tr><tr><td colspan="3"><div class="messages">&lt;/br&gt;Completed executing method: TestCalculator.testDoubleDivPosTest Elapsed time: -1041<br/>&lt;/br&gt;Test [testDoubleDivPosTest] has passed within [1041].Thread ID: 68</div></td></tr></table><p class="totop"><a href="#summary">back to summary</a></p><h3 id="m26">tests.TestCalculator#testDoubleDivPosTest</h3><table class="result"><tr class="param"><th>Parameter #1</th><th>Parameter #2</th><th>Parameter #3</th></tr><tr class="param stripe"><td>2.0</td><td>3.0</td><td>0.6666666666666666</td></tr><tr><th colspan="3">Messages</th></tr><tr><td colspan="3"><div class="messages">&lt;/br&gt;Completed executing method: TestCalculator.testDoubleDivPosTest Elapsed time: -1024<br/>&lt;/br&gt;Test [testDoubleDivPosTest] has passed within [1024].Thread ID: 65</div></td></tr></table><p class="totop"><a href="#summary">back to summary</a></p><h3 id="m27">tests.TestCalculator#testDoubleDivPosTest</h3><table class="result"><tr class="param"><th>Parameter #1</th><th>Parameter #2</th><th>Parameter #3</th></tr><tr class="param stripe"><td>-43.0</td><td>-56.0</td><td>0.7678571428571429</td></tr><tr><th colspan="3">Messages</th></tr><tr><td colspan="3"><div class="messages">&lt;/br&gt;Completed executing method: TestCalculator.testDoubleDivPosTest Elapsed time: -1010<br/>&lt;/br&gt;Test [testDoubleDivPosTest] has passed within [1010].Thread ID: 69</div></td></tr></table><p class="totop"><a href="#summary">back to summary</a></p><h3 id="m28">tests.TestCalculator#testDoubleDivPosTest</h3><table class="result"><tr class="param"><th>Parameter #1</th><th>Parameter #2</th><th>Parameter #3</th></tr><tr class="param stripe"><td>100.0</td><td>999.0</td><td>0.1001001001001001</td></tr><tr><th colspan="3">Messages</th></tr><tr><td colspan="3"><div class="messages">&lt;/br&gt;Completed executing method: TestCalculator.testDoubleDivPosTest Elapsed time: -1041<br/>&lt;/br&gt;Test [testDoubleDivPosTest] has passed within [1041].Thread ID: 67</div></td></tr></table><p class="totop"><a href="#summary">back to summary</a></p><h3 id="m29">tests.TestCalculator#testDoubleDivPosTest</h3><table class="result"><tr class="param"><th>Parameter #1</th><th>Parameter #2</th><th>Parameter #3</th></tr><tr class="param stripe"><td>0.0</td><td>10.0</td><td>0.0</td></tr><tr><th colspan="3">Messages</th></tr><tr><td colspan="3"><div class="messages">&lt;/br&gt;Completed executing method: TestCalculator.testDoubleDivPosTest Elapsed time: -1041<br/>&lt;/br&gt;Test [testDoubleDivPosTest] has passed within [1041].Thread ID: 66</div></td></tr></table><p class="totop"><a href="#summary">back to summary</a></p><h3 id="m30">tests.TestCalculator#testDoubleMultPosTest</h3><table class="result"><tr class="param"><th>Parameter #1</th><th>Parameter #2</th><th>Parameter #3</th></tr><tr class="param stripe"><td>100.0</td><td>999.0</td><td>99900.0</td></tr><tr><th colspan="3">Messages</th></tr><tr><td colspan="3"><div class="messages">&lt;/br&gt;Completed executing method: TestCalculator.testDoubleMultPosTest Elapsed time: -1003<br/>&lt;/br&gt;Test [testDoubleMultPosTest] has passed within [1003].Thread ID: 43</div></td></tr></table><p class="totop"><a href="#summary">back to summary</a></p><h3 id="m31">tests.TestCalculator#testDoubleMultPosTest</h3><table class="result"><tr class="param"><th>Parameter #1</th><th>Parameter #2</th><th>Parameter #3</th></tr><tr class="param stripe"><td>0.0</td><td>0.0</td><td>0.0</td></tr><tr><th colspan="3">Messages</th></tr><tr><td colspan="3"><div class="messages">&lt;/br&gt;Completed executing method: TestCalculator.testDoubleMultPosTest Elapsed time: -1002<br/>&lt;/br&gt;Test [testDoubleMultPosTest] has passed within [1002].Thread ID: 40</div></td></tr></table><p class="totop"><a href="#summary">back to summary</a></p><h3 id="m32">tests.TestCalculator#testDoubleMultPosTest</h3><table class="result"><tr class="param"><th>Parameter #1</th><th>Parameter #2</th><th>Parameter #3</th></tr><tr class="param stripe"><td>2.0</td><td>3.0</td><td>6.0</td></tr><tr><th colspan="3">Messages</th></tr><tr><td colspan="3"><div class="messages">&lt;/br&gt;Completed executing method: TestCalculator.testDoubleMultPosTest Elapsed time: -1002<br/>&lt;/br&gt;Test [testDoubleMultPosTest] has passed within [1002].Thread ID: 41</div></td></tr></table><p class="totop"><a href="#summary">back to summary</a></p><h3 id="m33">tests.TestCalculator#testDoubleMultPosTest</h3><table class="result"><tr class="param"><th>Parameter #1</th><th>Parameter #2</th><th>Parameter #3</th></tr><tr class="param stripe"><td>-20.0</td><td>43.0</td><td>-860.0</td></tr><tr><th colspan="3">Messages</th></tr><tr><td colspan="3"><div class="messages">&lt;/br&gt;Completed executing method: TestCalculator.testDoubleMultPosTest Elapsed time: -1003<br/>&lt;/br&gt;Test [testDoubleMultPosTest] has passed within [1003].Thread ID: 44</div></td></tr></table><p class="totop"><a href="#summary">back to summary</a></p><h3 id="m34">tests.TestCalculator#testDoubleMultPosTest</h3><table class="result"><tr class="param"><th>Parameter #1</th><th>Parameter #2</th><th>Parameter #3</th></tr><tr class="param stripe"><td>0.0</td><td>10.0</td><td>0.0</td></tr><tr><th colspan="3">Messages</th></tr><tr><td colspan="3"><div class="messages">&lt;/br&gt;Completed executing method: TestCalculator.testDoubleMultPosTest Elapsed time: -1003<br/>&lt;/br&gt;Test [testDoubleMultPosTest] has passed within [1003].Thread ID: 42</div></td></tr></table><p class="totop"><a href="#summary">back to summary</a></p><h3 id="m35">tests.TestCalculator#testDoubleMultPosTest</h3><table class="result"><tr class="param"><th>Parameter #1</th><th>Parameter #2</th><th>Parameter #3</th></tr><tr class="param stripe"><td>-43.0</td><td>-56.0</td><td>2408.0</td></tr><tr><th colspan="3">Messages</th></tr><tr><td colspan="3"><div class="messages">&lt;/br&gt;Completed executing method: TestCalculator.testDoubleMultPosTest Elapsed time: -1003<br/>&lt;/br&gt;Test [testDoubleMultPosTest] has passed within [1003].Thread ID: 45</div></td></tr></table><p class="totop"><a href="#summary">back to summary</a></p><h3 id="m36">tests.TestCalculator#testDoublePowPosTest</h3><table class="result"><tr class="param"><th>Parameter #1</th><th>Parameter #2</th><th>Parameter #3</th></tr><tr class="param stripe"><td>2.0</td><td>2.0</td><td>4.0</td></tr><tr><th colspan="3">Messages</th></tr><tr><td colspan="3"><div class="messages">&lt;/br&gt;Completed executing method: TestCalculator.testDoublePowPosTest Elapsed time: -1011<br/>&lt;/br&gt;Test [testDoublePowPosTest] has passed within [1011].Thread ID: 75</div></td></tr></table><p class="totop"><a href="#summary">back to summary</a></p><h3 id="m37">tests.TestCalculator#testDoublePowPosTest</h3><table class="result"><tr class="param"><th>Parameter #1</th><th>Parameter #2</th><th>Parameter #3</th></tr><tr class="param stripe"><td>2.0</td><td>3.0</td><td>8.0</td></tr><tr><th colspan="3">Messages</th></tr><tr><td colspan="3"><div class="messages">&lt;/br&gt;Completed executing method: TestCalculator.testDoublePowPosTest Elapsed time: -1011<br/>&lt;/br&gt;Test [testDoublePowPosTest] has passed within [1011].Thread ID: 76</div></td></tr></table><p class="totop"><a href="#summary">back to summary</a></p><h3 id="m38">tests.TestCalculator#testDoubleSinPosTest</h3><table class="result"><tr class="param"><th>Parameter #1</th><th>Parameter #2</th></tr><tr class="param stripe"><td>180.0</td><td>-0.8011526357338304</td></tr><tr><th colspan="2">Messages</th></tr><tr><td colspan="2"><div class="messages">&lt;/br&gt;Completed executing method: TestCalculator.testDoubleSinPosTest Elapsed time: -1013<br/>&lt;/br&gt;Test [testDoubleSinPosTest] has passed within [1013].Thread ID: 29</div></td></tr></table><p class="totop"><a href="#summary">back to summary</a></p><h3 id="m39">tests.TestCalculator#testDoubleSinPosTest</h3><table class="result"><tr class="param"><th>Parameter #1</th><th>Parameter #2</th></tr><tr class="param stripe"><td>30.0</td><td>-0.9880316240928618</td></tr><tr><th colspan="2">Messages</th></tr><tr><td colspan="2"><div class="messages">&lt;/br&gt;Completed executing method: TestCalculator.testDoubleSinPosTest Elapsed time: -1013<br/>&lt;/br&gt;Test [testDoubleSinPosTest] has passed within [1013].Thread ID: 28</div></td></tr></table><p class="totop"><a href="#summary">back to summary</a></p><h3 id="m40">tests.TestCalculator#testDoubleSinPosTest</h3><table class="result"><tr class="param"><th>Parameter #1</th><th>Parameter #2</th></tr><tr class="param stripe"><td>12.0</td><td>-0.5365729180004349</td></tr><tr><th colspan="2">Messages</th></tr><tr><td colspan="2"><div class="messages">&lt;/br&gt;Completed executing method: TestCalculator.testDoubleSinPosTest Elapsed time: -1014<br/>&lt;/br&gt;Test [testDoubleSinPosTest] has passed within [1014].Thread ID: 27</div></td></tr></table><p class="totop"><a href="#summary">back to summary</a></p><h3 id="m41">tests.TestCalculator#testDoubleSinPosTest</h3><table class="result"><tr class="param"><th>Parameter #1</th><th>Parameter #2</th></tr><tr class="param stripe"><td>0.0</td><td>0.0</td></tr><tr><th colspan="2">Messages</th></tr><tr><td colspan="2"><div class="messages">&lt;/br&gt;Completed executing method: TestCalculator.testDoubleSinPosTest Elapsed time: -1013<br/>&lt;/br&gt;Test [testDoubleSinPosTest] has passed within [1013].Thread ID: 30</div></td></tr></table><p class="totop"><a href="#summary">back to summary</a></p><h3 id="m42">tests.TestCalculator#testDoubleSinPosTest</h3><table class="result"><tr class="param"><th>Parameter #1</th><th>Parameter #2</th></tr><tr class="param stripe"><td>60.0</td><td>-0.3048106211022167</td></tr><tr><th colspan="2">Messages</th></tr><tr><td colspan="2"><div class="messages">&lt;/br&gt;Completed executing method: TestCalculator.testDoubleSinPosTest Elapsed time: -1015<br/>&lt;/br&gt;Test [testDoubleSinPosTest] has passed within [1015].Thread ID: 26</div></td></tr></table><p class="totop"><a href="#summary">back to summary</a></p><h3 id="m43">tests.TestCalculator#testDoubleSinPosTest</h3><table class="result"><tr class="param"><th>Parameter #1</th><th>Parameter #2</th></tr><tr class="param stripe"><td>3.0</td><td>0.1411200080598672</td></tr><tr><th colspan="2">Messages</th></tr><tr><td colspan="2"><div class="messages">&lt;/br&gt;Completed executing method: TestCalculator.testDoubleSinPosTest Elapsed time: -1018<br/>&lt;/br&gt;Test [testDoubleSinPosTest] has passed within [1018].Thread ID: 25</div></td></tr></table><p class="totop"><a href="#summary">back to summary</a></p><h3 id="m44">tests.TestCalculator#testDoubleSqrtPosTest</h3><table class="result"><tr class="param"><th>Parameter #1</th><th>Parameter #2</th></tr><tr class="param stripe"><td>4.0</td><td>2.0</td></tr><tr><th colspan="2">Messages</th></tr><tr><td colspan="2"><div class="messages">&lt;/br&gt;Completed executing method: TestCalculator.testDoubleSqrtPosTest Elapsed time: -1004<br/>&lt;/br&gt;Test [testDoubleSqrtPosTest] has passed within [1004].Thread ID: 46</div></td></tr></table><p class="totop"><a href="#summary">back to summary</a></p><h3 id="m45">tests.TestCalculator#testDoubleSqrtPosTest</h3><table class="result"><tr class="param"><th>Parameter #1</th><th>Parameter #2</th></tr><tr class="param stripe"><td>9.0</td><td>3.0</td></tr><tr><th colspan="2">Messages</th></tr><tr><td colspan="2"><div class="messages">&lt;/br&gt;Completed executing method: TestCalculator.testDoubleSqrtPosTest Elapsed time: -1004<br/>&lt;/br&gt;Test [testDoubleSqrtPosTest] has passed within [1004].Thread ID: 47</div></td></tr></table><p class="totop"><a href="#summary">back to summary</a></p><h3 id="m46">tests.TestCalculator#testDoubleSubPosTest</h3><table class="result"><tr class="param"><th>Parameter #1</th><th>Parameter #2</th><th>Parameter #3</th></tr><tr class="param stripe"><td>-68.0</td><td>-54.5</td><td>-13.5</td></tr><tr><th colspan="3">Messages</th></tr><tr><td colspan="3"><div class="messages">&lt;/br&gt;Completed executing method: TestCalculator.testDoubleSubPosTest Elapsed time: -1012<br/>&lt;/br&gt;Test [testDoubleSubPosTest] has passed within [1012].Thread ID: 85</div></td></tr></table><p class="totop"><a href="#summary">back to summary</a></p><h3 id="m47">tests.TestCalculator#testDoubleSubPosTest</h3><table class="result"><tr class="param"><th>Parameter #1</th><th>Parameter #2</th><th>Parameter #3</th></tr><tr class="param stripe"><td>99.3</td><td>72.0</td><td>27.299999999999997</td></tr><tr><th colspan="3">Messages</th></tr><tr><td colspan="3"><div class="messages">&lt;/br&gt;Completed executing method: TestCalculator.testDoubleSubPosTest Elapsed time: -1012<br/>&lt;/br&gt;Test [testDoubleSubPosTest] has passed within [1012].Thread ID: 82</div></td></tr></table><p class="totop"><a href="#summary">back to summary</a></p><h3 id="m48">tests.TestCalculator#testDoubleSubPosTest</h3><table class="result"><tr class="param"><th>Parameter #1</th><th>Parameter #2</th><th>Parameter #3</th></tr><tr class="param stripe"><td>0.0</td><td>0.0</td><td>0.0</td></tr><tr><th colspan="3">Messages</th></tr><tr><td colspan="3"><div class="messages">&lt;/br&gt;Completed executing method: TestCalculator.testDoubleSubPosTest Elapsed time: -1011<br/>&lt;/br&gt;Test [testDoubleSubPosTest] has passed within [1011].Thread ID: 79</div></td></tr></table><p class="totop"><a href="#summary">back to summary</a></p><h3 id="m49">tests.TestCalculator#testDoubleSubPosTest</h3><table class="result"><tr class="param"><th>Parameter #1</th><th>Parameter #2</th><th>Parameter #3</th></tr><tr class="param stripe"><td>83.0</td><td>96.0</td><td>-13.0</td></tr><tr><th colspan="3">Messages</th></tr><tr><td colspan="3"><div class="messages">&lt;/br&gt;Completed executing method: TestCalculator.testDoubleSubPosTest Elapsed time: -1012<br/>&lt;/br&gt;Test [testDoubleSubPosTest] has passed within [1012].Thread ID: 83</div></td></tr></table><p class="totop"><a href="#summary">back to summary</a></p><h3 id="m50">tests.TestCalculator#testDoubleSubPosTest</h3><table class="result"><tr class="param"><th>Parameter #1</th><th>Parameter #2</th><th>Parameter #3</th></tr><tr class="param stripe"><td>10.0</td><td>1.0</td><td>9.0</td></tr><tr><th colspan="3">Messages</th></tr><tr><td colspan="3"><div class="messages">&lt;/br&gt;Completed executing method: TestCalculator.testDoubleSubPosTest Elapsed time: -1011<br/>&lt;/br&gt;Test [testDoubleSubPosTest] has passed within [1011].Thread ID: 81</div></td></tr></table><p class="totop"><a href="#summary">back to summary</a></p><h3 id="m51">tests.TestCalculator#testDoubleSubPosTest</h3><table class="result"><tr class="param"><th>Parameter #1</th><th>Parameter #2</th><th>Parameter #3</th></tr><tr class="param stripe"><td>4.3</td><td>2.0</td><td>2.3</td></tr><tr><th colspan="3">Messages</th></tr><tr><td colspan="3"><div class="messages">&lt;/br&gt;Completed executing method: TestCalculator.testDoubleSubPosTest Elapsed time: -1011<br/>&lt;/br&gt;Test [testDoubleSubPosTest] has passed within [1011].Thread ID: 80</div></td></tr></table><p class="totop"><a href="#summary">back to summary</a></p><h3 id="m52">tests.TestCalculator#testDoubleSubPosTest</h3><table class="result"><tr class="param"><th>Parameter #1</th><th>Parameter #2</th><th>Parameter #3</th></tr><tr class="param stripe"><td>-93.1</td><td>35.0</td><td>-128.1</td></tr><tr><th colspan="3">Messages</th></tr><tr><td colspan="3"><div class="messages">&lt;/br&gt;Completed executing method: TestCalculator.testDoubleSubPosTest Elapsed time: -1012<br/>&lt;/br&gt;Test [testDoubleSubPosTest] has passed within [1012].Thread ID: 84</div></td></tr></table><p class="totop"><a href="#summary">back to summary</a></p><h3 id="m53">tests.TestCalculator#testDoubleSumPosTest</h3><table class="result"><tr class="param"><th>Parameter #1</th><th>Parameter #2</th><th>Parameter #3</th></tr><tr class="param stripe"><td>11.0</td><td>99.0</td><td>110.0</td></tr><tr><th colspan="3">Messages</th></tr><tr><td colspan="3"><div class="messages">&lt;/br&gt;Completed executing method: TestCalculator.testDoubleSumPosTest Elapsed time: -1002<br/>&lt;/br&gt;Test [testDoubleSumPosTest] has passed within [1002].Thread ID: 34</div></td></tr></table><p class="totop"><a href="#summary">back to summary</a></p><h3 id="m54">tests.TestCalculator#testDoubleSumPosTest</h3><table class="result"><tr class="param"><th>Parameter #1</th><th>Parameter #2</th><th>Parameter #3</th></tr><tr class="param stripe"><td>25.5</td><td>23.7</td><td>49.2</td></tr><tr><th colspan="3">Messages</th></tr><tr><td colspan="3"><div class="messages">&lt;/br&gt;Completed executing method: TestCalculator.testDoubleSumPosTest Elapsed time: -1001<br/>&lt;/br&gt;Test [testDoubleSumPosTest] has passed within [1001].Thread ID: 36</div></td></tr></table><p class="totop"><a href="#summary">back to summary</a></p><h3 id="m55">tests.TestCalculator#testDoubleSumPosTest</h3><table class="result"><tr class="param"><th>Parameter #1</th><th>Parameter #2</th><th>Parameter #3</th></tr><tr class="param stripe"><td>0.0</td><td>0.0</td><td>0.0</td></tr><tr><th colspan="3">Messages</th></tr><tr><td colspan="3"><div class="messages">&lt;/br&gt;Completed executing method: TestCalculator.testDoubleSumPosTest Elapsed time: -1013<br/>&lt;/br&gt;Test [testDoubleSumPosTest] has passed within [1013].Thread ID: 39</div></td></tr></table><p class="totop"><a href="#summary">back to summary</a></p><h3 id="m56">tests.TestCalculator#testDoubleSumPosTest</h3><table class="result"><tr class="param"><th>Parameter #1</th><th>Parameter #2</th><th>Parameter #3</th></tr><tr class="param stripe"><td>3.0</td><td>7.0</td><td>10.0</td></tr><tr><th colspan="3">Messages</th></tr><tr><td colspan="3"><div class="messages">&lt;/br&gt;Completed executing method: TestCalculator.testDoubleSumPosTest Elapsed time: -1009<br/>&lt;/br&gt;Test [testDoubleSumPosTest] has passed within [1009].Thread ID: 33</div></td></tr></table><p class="totop"><a href="#summary">back to summary</a></p><h3 id="m57">tests.TestCalculator#testDoubleSumPosTest</h3><table class="result"><tr class="param"><th>Parameter #1</th><th>Parameter #2</th><th>Parameter #3</th></tr><tr class="param stripe"><td>-10.0</td><td>50.5</td><td>40.5</td></tr><tr><th colspan="3">Messages</th></tr><tr><td colspan="3"><div class="messages">&lt;/br&gt;Completed executing method: TestCalculator.testDoubleSumPosTest Elapsed time: -1001<br/>&lt;/br&gt;Test [testDoubleSumPosTest] has passed within [1001].Thread ID: 37</div></td></tr></table><p class="totop"><a href="#summary">back to summary</a></p><h3 id="m58">tests.TestCalculator#testDoubleSumPosTest</h3><table class="result"><tr class="param"><th>Parameter #1</th><th>Parameter #2</th><th>Parameter #3</th></tr><tr class="param stripe"><td>-20.3</td><td>-40.5</td><td>-60.8</td></tr><tr><th colspan="3">Messages</th></tr><tr><td colspan="3"><div class="messages">&lt;/br&gt;Completed executing method: TestCalculator.testDoubleSumPosTest Elapsed time: -1007<br/>&lt;/br&gt;Test [testDoubleSumPosTest] has passed within [1007].Thread ID: 38</div></td></tr></table><p class="totop"><a href="#summary">back to summary</a></p><h3 id="m59">tests.TestCalculator#testDoubleSumPosTest</h3><table class="result"><tr class="param"><th>Parameter #1</th><th>Parameter #2</th><th>Parameter #3</th></tr><tr class="param stripe"><td>0.0</td><td>10.0</td><td>10.0</td></tr><tr><th colspan="3">Messages</th></tr><tr><td colspan="3"><div class="messages">&lt;/br&gt;Completed executing method: TestCalculator.testDoubleSumPosTest Elapsed time: -1013<br/>&lt;/br&gt;Test [testDoubleSumPosTest] has passed within [1013].Thread ID: 31</div></td></tr></table><p class="totop"><a href="#summary">back to summary</a></p><h3 id="m60">tests.TestCalculator#testDoubleSumPosTest</h3><table class="result"><tr class="param"><th>Parameter #1</th><th>Parameter #2</th><th>Parameter #3</th></tr><tr class="param stripe"><td>15.0</td><td>101.0</td><td>116.0</td></tr><tr><th colspan="3">Messages</th></tr><tr><td colspan="3"><div class="messages">&lt;/br&gt;Completed executing method: TestCalculator.testDoubleSumPosTest Elapsed time: -1008<br/>&lt;/br&gt;Test [testDoubleSumPosTest] has passed within [1008].Thread ID: 35</div></td></tr></table><p class="totop"><a href="#summary">back to summary</a></p><h3 id="m61">tests.TestCalculator#testDoubleSumPosTest</h3><table class="result"><tr class="param"><th>Parameter #1</th><th>Parameter #2</th><th>Parameter #3</th></tr><tr class="param stripe"><td>0.01</td><td>10.01</td><td>10.02</td></tr><tr><th colspan="3">Messages</th></tr><tr><td colspan="3"><div class="messages">&lt;/br&gt;Completed executing method: TestCalculator.testDoubleSumPosTest Elapsed time: -1012<br/>&lt;/br&gt;Test [testDoubleSumPosTest] has passed within [1012].Thread ID: 32</div></td></tr></table><p class="totop"><a href="#summary">back to summary</a></p></body></html>